<?xml version="1.0" encoding="UTF-8"?>
<testsuite name="com.bridgelabz.ParkingLotTest" tests="1" skipped="0" failures="0" errors="0" timestamp="2021-11-09T12:10:12" hostname="LAPTOP-NGQU5TVV" time="0.02">
  <properties/>
  <testcase name="givenParkingLot_WhenVehicleParked_ShouldReturnTrue()" classname="com.bridgelabz.ParkingLotTest" time="0.02"/>
  <system-out><![CDATA[]]></system-out>
  <system-err><![CDATA[]]></system-err>
</testsuite>
