<?xml version="1.0" encoding="UTF-8"?>
<testsuite name="com.bridgelabz.ParkingLotSystemTest" tests="8" skipped="0" failures="0" errors="0" timestamp="2021-11-12T12:59:05" hostname="LAPTOP-NGQU5TVV" time="0.019">
  <properties/>
  <testcase name="givenParkingLot_WhenNotFull_ShouldInformOwner()" classname="com.bridgelabz.ParkingLotSystemTest" time="0.013"/>
  <testcase name="givenAVehicle_WhenUParkedAnotherVehicle_ShouldReturnFalse()" classname="com.bridgelabz.ParkingLotSystemTest" time="0.001"/>
  <testcase name="givenAVehicle_WhenUnParkedAnotherVehicle_ShouldReturnFalse()" classname="com.bridgelabz.ParkingLotSystemTest" time="0.001"/>
  <testcase name="givenAVehicle_WhenParked_ShouldReturnTrue()" classname="com.bridgelabz.ParkingLotSystemTest" time="0.001"/>
  <testcase name="givenAVehicle_WhenUnParked_ShouldReturnTrue()" classname="com.bridgelabz.ParkingLotSystemTest" time="0.0"/>
  <testcase name="givenParkingLot_WhenFull_ShouldInformToOwner()" classname="com.bridgelabz.ParkingLotSystemTest" time="0.001"/>
  <testcase name="givenAVehicle_WhenAlreadyParked_ShouldThrowException()" classname="com.bridgelabz.ParkingLotSystemTest" time="0.001"/>
  <testcase name="givenAVehicle_WhenNotUnParked_ShouldReturnFalse()" classname="com.bridgelabz.ParkingLotSystemTest" time="0.0"/>
  <system-out><![CDATA[]]></system-out>
  <system-err><![CDATA[]]></system-err>
</testsuite>
