<?xml version="1.0" encoding="UTF-8"?>
<testsuite name="com.bridgelabz.ParkingLotSystemTest" tests="1" skipped="0" failures="0" errors="0" timestamp="2021-11-23T10:08:48" hostname="LAPTOP-NGQU5TVV" time="0.014">
  <properties/>
  <testcase name="givenAVehicle_whenParked_ShouldEvenlyDistribute()" classname="com.bridgelabz.ParkingLotSystemTest" time="0.014"/>
  <system-out><![CDATA[]]></system-out>
  <system-err><![CDATA[]]></system-err>
</testsuite>
