<?xml version="1.0" encoding="UTF-8"?>
<testsuite name="com.bridgelabz.ParkingLotSystemTest" tests="17" skipped="0" failures="0" errors="0" timestamp="2021-11-19T02:12:49" hostname="LAPTOP-NGQU5TVV" time="0.063">
  <properties/>
  <testcase name="givenAVehicle_WhenParked_ShouldReturnDateAndTime()" classname="com.bridgelabz.ParkingLotSystemTest" time="0.031"/>
  <testcase name="whenParkingLotHasSpaceAgainAfterFull_ShouldInformTheOwner()" classname="com.bridgelabz.ParkingLotSystemTest" time="0.004"/>
  <testcase name="givenParkingLot_WhenNotFull_ShouldInformOwner()" classname="com.bridgelabz.ParkingLotSystemTest" time="0.001"/>
  <testcase name="givenAVehicle_WhenDriverWantsToFind_ShouldReturnTrue()" classname="com.bridgelabz.ParkingLotSystemTest" time="0.001"/>
  <testcase name="givenWhenParkingLotIsNotFull_ShouldSecurity()" classname="com.bridgelabz.ParkingLotSystemTest" time="0.001"/>
  <testcase name="givenAVehicle_WhenUnParkedAnotherVehicle_ShouldReturnFalse()" classname="com.bridgelabz.ParkingLotSystemTest" time="0.001"/>
  <testcase name="givenAParkingLotAttendant_whenParked_ShouldReturnTrue()" classname="com.bridgelabz.ParkingLotSystemTest" time="0.003"/>
  <testcase name="givenAVehicleNull_whenUnParked_ShouldReturnException()" classname="com.bridgelabz.ParkingLotSystemTest" time="0.001"/>
  <testcase name="givenAVehicle_WhenParked_ShouldReturnTrue()" classname="com.bridgelabz.ParkingLotSystemTest" time="0.001"/>
  <testcase name="givenAVehicle_WhenParkedAnotherVehicle_ShouldThrowException()" classname="com.bridgelabz.ParkingLotSystemTest" time="0.001"/>
  <testcase name="givenAParkingLotAttendant_WhenUnParked_ShouldReturnTrue()" classname="com.bridgelabz.ParkingLotSystemTest" time="0.0"/>
  <testcase name="givenAVehicle_WhenUnParked_ShouldReturnTrue()" classname="com.bridgelabz.ParkingLotSystemTest" time="0.001"/>
  <testcase name="givenParkingLot_WhenFull_ShouldInformToOwner()" classname="com.bridgelabz.ParkingLotSystemTest" time="0.0"/>
  <testcase name="givenAVehicle_WhenAlreadyParked_ShouldThrowException()" classname="com.bridgelabz.ParkingLotSystemTest" time="0.001"/>
  <testcase name="givenParkingLot_WhenFull_ShouldInformTheSecurity()" classname="com.bridgelabz.ParkingLotSystemTest" time="0.002"/>
  <testcase name="givenCapacityIs2_ShouldAbleToPark2Vehicles()" classname="com.bridgelabz.ParkingLotSystemTest" time="0.001"/>
  <testcase name="givenAVehicle_WhenNotUnParked_ShouldReturnFalse()" classname="com.bridgelabz.ParkingLotSystemTest" time="0.001"/>
  <system-out><![CDATA[]]></system-out>
  <system-err><![CDATA[]]></system-err>
</testsuite>
