<?xml version="1.0" encoding="UTF-8"?>
<testsuite name="com.bridgelabz.ParkingLotSystemTest" tests="1" skipped="0" failures="0" errors="0" timestamp="2021-11-15T01:23:21" hostname="LAPTOP-NGQU5TVV" time="0.022">
  <properties/>
  <testcase name="givenAParkingLotAttendant_whenParked_ShouldReturnTrue()" classname="com.bridgelabz.ParkingLotSystemTest" time="0.022"/>
  <system-out><![CDATA[]]></system-out>
  <system-err><![CDATA[]]></system-err>
</testsuite>
