<?xml version="1.0" encoding="UTF-8"?>
<testsuite name="com.bridgelabz.ParkingLotSystemTest" tests="2" skipped="0" failures="0" errors="0" timestamp="2021-11-10T09:39:31" hostname="LAPTOP-NGQU5TVV" time="0.014">
  <properties/>
  <testcase name="givenAVehicle_WhenParked_ShouldReturnTrue()" classname="com.bridgelabz.ParkingLotSystemTest" time="0.013"/>
  <testcase name="givenAVehicle_WhenUnParked_ShouldReturnTrue()" classname="com.bridgelabz.ParkingLotSystemTest" time="0.001"/>
  <system-out><![CDATA[]]></system-out>
  <system-err><![CDATA[]]></system-err>
</testsuite>
