<?xml version="1.0" encoding="UTF-8"?>
<testsuite name="com.bridgelabz.ParkingLotSystemTest" tests="1" skipped="0" failures="0" errors="0" timestamp="2021-11-21T06:14:41" hostname="LAPTOP-NGQU5TVV" time="0.017">
  <properties/>
  <testcase name="givenAVehicle_WhenUnParked_ShouldReturnTrue()" classname="com.bridgelabz.ParkingLotSystemTest" time="0.017"/>
  <system-out><![CDATA[]]></system-out>
  <system-err><![CDATA[]]></system-err>
</testsuite>
